

times in msec
 clock   self+sourced   self:  sourced script
 clock   elapsed:              other lines

000.016  000.016: --- NVIM STARTING ---
000.712  000.696: locale set
001.477  000.764: inits 1
001.517  000.040: window checked
001.528  000.011: parsing arguments
001.655  000.128: expanding arguments
001.760  000.104: inits 2
002.852  001.092: init highlight
002.857  000.004: waiting for UI
004.865  002.008: done waiting for UI
004.883  000.018: initialized screen early for UI
005.117  000.234: --cmd commands
101.590  000.025  000.025: sourcing /home/nelson/.local/share/lunarvim/site/pack/packer/start/nvim-treesitter/ftdetect/gdscript.vim
101.648  000.021  000.021: sourcing /home/nelson/.local/share/lunarvim/site/pack/packer/start/nvim-treesitter/ftdetect/gomod.vim
101.713  000.037  000.037: sourcing /home/nelson/.local/share/lunarvim/site/pack/packer/start/nvim-treesitter/ftdetect/hcl.vim
101.777  000.036  000.036: sourcing /home/nelson/.local/share/lunarvim/site/pack/packer/start/nvim-treesitter/ftdetect/query.vim
101.826  000.021  000.021: sourcing /home/nelson/.local/share/lunarvim/site/pack/packer/start/nvim-treesitter/ftdetect/yang.vim
102.269  000.056  000.056: sourcing /home/nelson/.local/share/lunarvim/lvim/ftdetect/fish.lua
102.347  000.049  000.049: sourcing /home/nelson/.local/share/lunarvim/lvim/ftdetect/julia.lua
102.427  000.049  000.049: sourcing /home/nelson/.local/share/lunarvim/lvim/ftdetect/zig.lua
102.964  011.560  011.267: sourcing /usr/local/share/nvim/runtime/filetype.vim
103.445  000.059  000.059: sourcing /usr/local/share/nvim/runtime/ftplugin.vim
104.687  099.516  087.896: sourcing /home/nelson/.local/share/lunarvim/lvim/init.lua
104.700  000.068: sourcing vimrc file(s)
104.808  000.055  000.055: sourcing /usr/local/share/nvim/runtime/indent.vim
106.930  000.365  000.365: sourcing /usr/local/share/nvim/runtime/syntax/syncolor.vim
108.369  000.212  000.212: sourcing /usr/local/share/nvim/runtime/syntax/syncolor.vim
109.085  000.208  000.208: sourcing /usr/local/share/nvim/runtime/syntax/syncolor.vim
115.157  009.767  008.982: sourcing /home/nelson/.local/share/lunarvim/lvim/colors/spacegray.vim
116.079  010.833  001.066: sourcing /usr/local/share/nvim/runtime/syntax/synload.vim
116.189  011.033  000.201: sourcing /usr/local/share/nvim/runtime/syntax/syntax.vim
118.072  000.031  000.031: sourcing /usr/local/share/nvim/runtime/plugin/gzip.vim
118.123  000.029  000.029: sourcing /usr/local/share/nvim/runtime/plugin/health.vim
118.467  000.325  000.325: sourcing /usr/local/share/nvim/runtime/plugin/man.vim
119.095  000.259  000.259: sourcing /usr/local/share/nvim/runtime/pack/dist/opt/matchit/plugin/matchit.vim
119.239  000.749  000.490: sourcing /usr/local/share/nvim/runtime/plugin/matchit.vim
119.444  000.183  000.183: sourcing /usr/local/share/nvim/runtime/plugin/matchparen.vim
119.492  000.025  000.025: sourcing /usr/local/share/nvim/runtime/plugin/netrwPlugin.vim
119.689  000.014  000.014: sourcing /home/nelson/.local/share/nvim/rplugin.vim
119.698  000.183  000.170: sourcing /usr/local/share/nvim/runtime/plugin/rplugin.vim
119.846  000.131  000.131: sourcing /usr/local/share/nvim/runtime/plugin/shada.vim
119.897  000.017  000.017: sourcing /usr/local/share/nvim/runtime/plugin/spellfile.vim
119.952  000.028  000.028: sourcing /usr/local/share/nvim/runtime/plugin/tarPlugin.vim
119.994  000.016  000.016: sourcing /usr/local/share/nvim/runtime/plugin/tohtml.vim
120.043  000.027  000.027: sourcing /usr/local/share/nvim/runtime/plugin/tutor.vim
120.094  000.028  000.028: sourcing /usr/local/share/nvim/runtime/plugin/zipPlugin.vim
136.921  000.020  000.020: sourcing /home/nelson/.local/share/lunarvim/site/pack/packer/opt/vim-fugitive/ftdetect/fugitive.vim
136.987  000.030  000.030: sourcing /home/nelson/.local/share/lunarvim/site/pack/packer/opt/vimtex/ftdetect/tex.vim
137.067  000.047  000.047: sourcing /home/nelson/.local/share/lunarvim/site/pack/packer/opt/vim-elixir/ftdetect/elixir.vim
137.077  016.879  016.782: sourcing /home/nelson/.config/lvim/plugin/packer_compiled.lua
137.326  002.888: loading plugins
138.775  001.135  001.135: sourcing /home/nelson/.local/share/lunarvim/site/pack/packer/start/astronauta.nvim/plugin/astronauta.vim
138.962  000.040  000.040: sourcing /home/nelson/.local/share/lunarvim/site/pack/packer/start/formatter.nvim/plugin/formatter.vim
139.173  000.020  000.020: sourcing /home/nelson/.local/share/lunarvim/site/pack/packer/start/nvim-autopairs/plugin/nvim-autopairs.vim
139.474  000.158  000.158: sourcing /home/nelson/.local/share/lunarvim/site/pack/packer/start/nvim-compe/plugin/compe.vim
146.220  006.551  006.551: sourcing /home/nelson/.local/share/lunarvim/site/pack/packer/start/nvim-lspconfig/plugin/lspconfig.vim
146.566  000.160  000.160: sourcing /home/nelson/.local/share/lunarvim/site/pack/packer/start/nvim-tree.lua/plugin/tree.vim
147.767  001.038  001.038: sourcing /home/nelson/.local/share/lunarvim/site/pack/packer/start/nvim-treesitter/plugin/nvim-treesitter.vim
147.943  000.016  000.016: sourcing /home/nelson/.local/share/lunarvim/site/pack/packer/start/nvim-treesitter/ftdetect/gdscript.vim
147.979  000.014  000.014: sourcing /home/nelson/.local/share/lunarvim/site/pack/packer/start/nvim-treesitter/ftdetect/gomod.vim
148.019  000.021  000.021: sourcing /home/nelson/.local/share/lunarvim/site/pack/packer/start/nvim-treesitter/ftdetect/hcl.vim
148.061  000.023  000.023: sourcing /home/nelson/.local/share/lunarvim/site/pack/packer/start/nvim-treesitter/ftdetect/query.vim
148.093  000.013  000.013: sourcing /home/nelson/.local/share/lunarvim/site/pack/packer/start/nvim-treesitter/ftdetect/yang.vim
148.243  000.047  000.047: sourcing /home/nelson/.local/share/lunarvim/site/pack/packer/start/nvim-web-devicons/plugin/nvim-web-devicons.vim
148.495  000.041  000.041: sourcing /home/nelson/.local/share/lunarvim/site/pack/packer/start/plenary.nvim/plugin/plenary.vim
149.059  000.341  000.341: sourcing /home/nelson/.local/share/lunarvim/site/pack/packer/start/telescope.nvim/plugin/telescope.vim
149.445  000.244  000.244: sourcing /home/nelson/.local/share/lunarvim/site/pack/packer/start/vim-rooter/plugin/rooter.vim
149.636  002.449: loading packages
153.958  004.229  004.229: sourcing /home/nelson/.local/share/lunarvim/site/pack/packer/start/nvim-compe/after/plugin/compe.vim
154.195  000.329: loading after plugins
154.212  000.017: inits 3
155.404  001.192: reading ShaDa
156.508  000.019  000.019: sourcing /home/nelson/.local/share/lunarvim/site/pack/packer/opt/barbar.nvim/autoload/bufferline.vim
156.890  000.065  000.065: sourcing /home/nelson/.local/share/lunarvim/site/pack/packer/opt/barbar.nvim/autoload/bufferline/highlight.vim
159.989  003.822  003.738: sourcing /home/nelson/.local/share/lunarvim/site/pack/packer/opt/barbar.nvim/plugin/bufferline.vim
161.163  000.609  000.609: sourcing /home/nelson/.local/share/lunarvim/site/pack/packer/opt/galaxyline.nvim/plugin/galaxyline.vim
162.095  000.049  000.049: sourcing /home/nelson/.local/share/lunarvim/site/pack/packer/opt/nvim-toggleterm.lua/plugin/toggleterm.vim
164.163  000.018  000.018: sourcing /home/nelson/.local/share/lunarvim/site/pack/packer/opt/which-key.nvim/plugin/which-key.vim
166.763  006.861: opening buffers
167.225  000.125  000.125: sourcing /home/nelson/.local/share/lunarvim/site/pack/packer/opt/vim-cursorword/plugin/cursorword.vim
181.972  015.084: BufEnter autocommands
181.979  000.007: editing files in windows
182.260  000.056  000.056: sourcing /home/nelson/.local/share/lunarvim/site/pack/packer/opt/nvim-lspinstall/plugin/lspinstall.vim
202.178  000.100  000.100: sourcing /home/nelson/.local/share/lunarvim/site/pack/packer/opt/vim-cursorword/autoload/cursorword.vim
203.702  021.567: VimEnter autocommands
203.717  000.014: UIEnter autocommands
203.994  000.227  000.227: sourcing /usr/local/share/nvim/runtime/autoload/provider/clipboard.vim
204.003  000.060: before starting main loop
204.583  000.580: first screen update
204.587  000.004: --- NVIM STARTED ---


times in msec
 clock   self+sourced   self:  sourced script
 clock   elapsed:              other lines

000.022  000.022: --- NVIM STARTING ---
000.737  000.715: locale set
001.501  000.764: inits 1
001.548  000.047: window checked
001.559  000.011: parsing arguments
001.675  000.116: expanding arguments
001.774  000.099: inits 2
002.887  001.112: init highlight
002.891  000.005: waiting for UI
004.870  001.978: done waiting for UI
004.889  000.019: initialized screen early for UI
005.124  000.234: --cmd commands
079.274  000.017  000.017: sourcing /home/nelson/.local/share/lunarvim/site/pack/packer/start/nvim-treesitter/ftdetect/gdscript.vim
079.315  000.015  000.015: sourcing /home/nelson/.local/share/lunarvim/site/pack/packer/start/nvim-treesitter/ftdetect/gomod.vim
079.358  000.025  000.025: sourcing /home/nelson/.local/share/lunarvim/site/pack/packer/start/nvim-treesitter/ftdetect/hcl.vim
079.403  000.026  000.026: sourcing /home/nelson/.local/share/lunarvim/site/pack/packer/start/nvim-treesitter/ftdetect/query.vim
079.435  000.014  000.014: sourcing /home/nelson/.local/share/lunarvim/site/pack/packer/start/nvim-treesitter/ftdetect/yang.vim
079.737  000.042  000.042: sourcing /home/nelson/.local/share/lunarvim/lvim/ftdetect/fish.lua
079.799  000.043  000.043: sourcing /home/nelson/.local/share/lunarvim/lvim/ftdetect/julia.lua
079.853  000.033  000.033: sourcing /home/nelson/.local/share/lunarvim/lvim/ftdetect/zig.lua
080.207  007.639  007.425: sourcing /usr/local/share/nvim/runtime/filetype.vim
080.527  000.041  000.041: sourcing /usr/local/share/nvim/runtime/ftplugin.vim
081.627  076.449  068.770: sourcing /home/nelson/.local/share/lunarvim/lvim/init.lua
081.637  000.064: sourcing vimrc file(s)
081.724  000.044  000.044: sourcing /usr/local/share/nvim/runtime/indent.vim
083.335  000.337  000.337: sourcing /usr/local/share/nvim/runtime/syntax/syncolor.vim
084.318  000.157  000.157: sourcing /usr/local/share/nvim/runtime/syntax/syncolor.vim
084.842  000.153  000.153: sourcing /usr/local/share/nvim/runtime/syntax/syncolor.vim
089.882  007.740  007.094: sourcing /home/nelson/.local/share/lunarvim/lvim/colors/spacegray.vim
090.715  008.658  000.918: sourcing /usr/local/share/nvim/runtime/syntax/synload.vim
090.832  008.837  000.179: sourcing /usr/local/share/nvim/runtime/syntax/syntax.vim
092.543  000.021  000.021: sourcing /usr/local/share/nvim/runtime/plugin/gzip.vim
092.578  000.014  000.014: sourcing /usr/local/share/nvim/runtime/plugin/health.vim
092.821  000.225  000.225: sourcing /usr/local/share/nvim/runtime/plugin/man.vim
093.406  000.247  000.247: sourcing /usr/local/share/nvim/runtime/pack/dist/opt/matchit/plugin/matchit.vim
093.514  000.672  000.425: sourcing /usr/local/share/nvim/runtime/plugin/matchit.vim
093.702  000.168  000.168: sourcing /usr/local/share/nvim/runtime/plugin/matchparen.vim
093.746  000.023  000.023: sourcing /usr/local/share/nvim/runtime/plugin/netrwPlugin.vim
093.929  000.013  000.013: sourcing /home/nelson/.local/share/nvim/rplugin.vim
093.938  000.170  000.157: sourcing /usr/local/share/nvim/runtime/plugin/rplugin.vim
094.076  000.121  000.121: sourcing /usr/local/share/nvim/runtime/plugin/shada.vim
094.121  000.016  000.016: sourcing /usr/local/share/nvim/runtime/plugin/spellfile.vim
094.171  000.023  000.023: sourcing /usr/local/share/nvim/runtime/plugin/tarPlugin.vim
094.215  000.015  000.015: sourcing /usr/local/share/nvim/runtime/plugin/tohtml.vim
094.260  000.024  000.024: sourcing /usr/local/share/nvim/runtime/plugin/tutor.vim
094.305  000.023  000.023: sourcing /usr/local/share/nvim/runtime/plugin/zipPlugin.vim
111.546  000.019  000.019: sourcing /home/nelson/.local/share/lunarvim/site/pack/packer/opt/vim-fugitive/ftdetect/fugitive.vim
111.625  000.042  000.042: sourcing /home/nelson/.local/share/lunarvim/site/pack/packer/opt/vimtex/ftdetect/tex.vim
111.714  000.056  000.056: sourcing /home/nelson/.local/share/lunarvim/site/pack/packer/opt/vim-elixir/ftdetect/elixir.vim
111.724  017.324  017.207: sourcing /home/nelson/.config/lvim/plugin/packer_compiled.lua
111.954  002.597: loading plugins
113.364  001.107  001.107: sourcing /home/nelson/.local/share/lunarvim/site/pack/packer/start/astronauta.nvim/plugin/astronauta.vim
113.557  000.041  000.041: sourcing /home/nelson/.local/share/lunarvim/site/pack/packer/start/formatter.nvim/plugin/formatter.vim
113.771  000.021  000.021: sourcing /home/nelson/.local/share/lunarvim/site/pack/packer/start/nvim-autopairs/plugin/nvim-autopairs.vim
114.064  000.150  000.150: sourcing /home/nelson/.local/share/lunarvim/site/pack/packer/start/nvim-compe/plugin/compe.vim
121.174  006.921  006.921: sourcing /home/nelson/.local/share/lunarvim/site/pack/packer/start/nvim-lspconfig/plugin/lspconfig.vim
121.517  000.167  000.167: sourcing /home/nelson/.local/share/lunarvim/site/pack/packer/start/nvim-tree.lua/plugin/tree.vim
122.813  001.141  001.141: sourcing /home/nelson/.local/share/lunarvim/site/pack/packer/start/nvim-treesitter/plugin/nvim-treesitter.vim
122.983  000.016  000.016: sourcing /home/nelson/.local/share/lunarvim/site/pack/packer/start/nvim-treesitter/ftdetect/gdscript.vim
123.018  000.014  000.014: sourcing /home/nelson/.local/share/lunarvim/site/pack/packer/start/nvim-treesitter/ftdetect/gomod.vim
123.056  000.020  000.020: sourcing /home/nelson/.local/share/lunarvim/site/pack/packer/start/nvim-treesitter/ftdetect/hcl.vim
123.096  000.023  000.023: sourcing /home/nelson/.local/share/lunarvim/site/pack/packer/start/nvim-treesitter/ftdetect/query.vim
123.128  000.013  000.013: sourcing /home/nelson/.local/share/lunarvim/site/pack/packer/start/nvim-treesitter/ftdetect/yang.vim
123.266  000.042  000.042: sourcing /home/nelson/.local/share/lunarvim/site/pack/packer/start/nvim-web-devicons/plugin/nvim-web-devicons.vim
123.479  000.040  000.040: sourcing /home/nelson/.local/share/lunarvim/site/pack/packer/start/plenary.nvim/plugin/plenary.vim
124.014  000.326  000.326: sourcing /home/nelson/.local/share/lunarvim/site/pack/packer/start/telescope.nvim/plugin/telescope.vim
124.382  000.236  000.236: sourcing /home/nelson/.local/share/lunarvim/site/pack/packer/start/vim-rooter/plugin/rooter.vim
124.562  002.331: loading packages
128.947  004.297  004.297: sourcing /home/nelson/.local/share/lunarvim/site/pack/packer/start/nvim-compe/after/plugin/compe.vim
129.203  000.344: loading after plugins
129.223  000.019: inits 3
130.419  001.197: reading ShaDa
131.490  000.018  000.018: sourcing /home/nelson/.local/share/lunarvim/site/pack/packer/opt/barbar.nvim/autoload/bufferline.vim
131.831  000.057  000.057: sourcing /home/nelson/.local/share/lunarvim/site/pack/packer/opt/barbar.nvim/autoload/bufferline/highlight.vim
134.877  003.718  003.643: sourcing /home/nelson/.local/share/lunarvim/site/pack/packer/opt/barbar.nvim/plugin/bufferline.vim
136.029  000.593  000.593: sourcing /home/nelson/.local/share/lunarvim/site/pack/packer/opt/galaxyline.nvim/plugin/galaxyline.vim
137.026  000.048  000.048: sourcing /home/nelson/.local/share/lunarvim/site/pack/packer/opt/nvim-toggleterm.lua/plugin/toggleterm.vim
139.214  000.019  000.019: sourcing /home/nelson/.local/share/lunarvim/site/pack/packer/opt/which-key.nvim/plugin/which-key.vim
143.002  008.205: opening buffers
143.484  000.143  000.143: sourcing /home/nelson/.local/share/lunarvim/site/pack/packer/opt/vim-cursorword/plugin/cursorword.vim
157.364  014.219: BufEnter autocommands
157.371  000.007: editing files in windows
157.703  000.083  000.083: sourcing /home/nelson/.local/share/lunarvim/site/pack/packer/opt/nvim-lspinstall/plugin/lspinstall.vim
177.118  000.091  000.091: sourcing /home/nelson/.local/share/lunarvim/site/pack/packer/opt/vim-cursorword/autoload/cursorword.vim
178.701  021.157: VimEnter autocommands
178.706  000.005: UIEnter autocommands
179.000  000.240  000.240: sourcing /usr/local/share/nvim/runtime/autoload/provider/clipboard.vim
179.010  000.063: before starting main loop
179.605  000.596: first screen update
179.609  000.004: --- NVIM STARTED ---


times in msec
 clock   self+sourced   self:  sourced script
 clock   elapsed:              other lines

000.024  000.024: --- NVIM STARTING ---
000.777  000.752: locale set
001.519  000.742: inits 1
001.563  000.045: window checked
001.574  000.011: parsing arguments
001.688  000.115: expanding arguments
001.798  000.110: inits 2
002.890  001.092: init highlight
002.895  000.004: waiting for UI
004.228  001.334: done waiting for UI
004.243  000.014: initialized screen early for UI
004.457  000.214: --cmd commands
099.471  000.027  000.027: sourcing /home/nelson/.local/share/lunarvim/site/pack/packer/start/nvim-treesitter/ftdetect/gdscript.vim
099.536  000.024  000.024: sourcing /home/nelson/.local/share/lunarvim/site/pack/packer/start/nvim-treesitter/ftdetect/gomod.vim
099.601  000.035  000.035: sourcing /home/nelson/.local/share/lunarvim/site/pack/packer/start/nvim-treesitter/ftdetect/hcl.vim
099.675  000.040  000.040: sourcing /home/nelson/.local/share/lunarvim/site/pack/packer/start/nvim-treesitter/ftdetect/query.vim
099.728  000.022  000.022: sourcing /home/nelson/.local/share/lunarvim/site/pack/packer/start/nvim-treesitter/ftdetect/yang.vim
100.206  000.059  000.059: sourcing /home/nelson/.local/share/lunarvim/lvim/ftdetect/fish.lua
100.288  000.050  000.050: sourcing /home/nelson/.local/share/lunarvim/lvim/ftdetect/julia.lua
100.397  000.075  000.075: sourcing /home/nelson/.local/share/lunarvim/lvim/ftdetect/zig.lua
100.881  012.688  012.356: sourcing /usr/local/share/nvim/runtime/filetype.vim
101.324  000.057  000.057: sourcing /usr/local/share/nvim/runtime/ftplugin.vim
102.670  098.161  085.416: sourcing /home/nelson/.local/share/lunarvim/lvim/init.lua
102.684  000.067: sourcing vimrc file(s)
102.804  000.062  000.062: sourcing /usr/local/share/nvim/runtime/indent.vim
104.848  000.398  000.398: sourcing /usr/local/share/nvim/runtime/syntax/syncolor.vim
106.507  000.217  000.217: sourcing /usr/local/share/nvim/runtime/syntax/syncolor.vim
107.158  000.191  000.191: sourcing /usr/local/share/nvim/runtime/syntax/syncolor.vim
113.232  009.951  009.145: sourcing /home/nelson/.local/share/lunarvim/lvim/colors/spacegray.vim
114.184  010.998  001.046: sourcing /usr/local/share/nvim/runtime/syntax/synload.vim
114.302  011.184  000.186: sourcing /usr/local/share/nvim/runtime/syntax/syntax.vim
116.282  000.023  000.023: sourcing /usr/local/share/nvim/runtime/plugin/gzip.vim
116.322  000.017  000.017: sourcing /usr/local/share/nvim/runtime/plugin/health.vim
116.587  000.244  000.244: sourcing /usr/local/share/nvim/runtime/plugin/man.vim
117.259  000.280  000.280: sourcing /usr/local/share/nvim/runtime/pack/dist/opt/matchit/plugin/matchit.vim
117.382  000.771  000.492: sourcing /usr/local/share/nvim/runtime/plugin/matchit.vim
117.600  000.195  000.195: sourcing /usr/local/share/nvim/runtime/plugin/matchparen.vim
117.652  000.027  000.027: sourcing /usr/local/share/nvim/runtime/plugin/netrwPlugin.vim
117.863  000.015  000.015: sourcing /home/nelson/.local/share/nvim/rplugin.vim
117.874  000.197  000.182: sourcing /usr/local/share/nvim/runtime/plugin/rplugin.vim
118.036  000.142  000.142: sourcing /usr/local/share/nvim/runtime/plugin/shada.vim
118.092  000.019  000.019: sourcing /usr/local/share/nvim/runtime/plugin/spellfile.vim
118.147  000.026  000.026: sourcing /usr/local/share/nvim/runtime/plugin/tarPlugin.vim
118.193  000.017  000.017: sourcing /usr/local/share/nvim/runtime/plugin/tohtml.vim
118.244  000.026  000.026: sourcing /usr/local/share/nvim/runtime/plugin/tutor.vim
118.295  000.026  000.026: sourcing /usr/local/share/nvim/runtime/plugin/zipPlugin.vim
135.478  000.019  000.019: sourcing /home/nelson/.local/share/lunarvim/site/pack/packer/opt/vim-fugitive/ftdetect/fugitive.vim
135.551  000.028  000.028: sourcing /home/nelson/.local/share/lunarvim/site/pack/packer/opt/vimtex/ftdetect/tex.vim
135.626  000.044  000.044: sourcing /home/nelson/.local/share/lunarvim/site/pack/packer/opt/vim-elixir/ftdetect/elixir.vim
135.635  017.232  017.142: sourcing /home/nelson/.config/lvim/plugin/packer_compiled.lua
135.857  002.965: loading plugins
137.239  001.095  001.095: sourcing /home/nelson/.local/share/lunarvim/site/pack/packer/start/astronauta.nvim/plugin/astronauta.vim
137.430  000.042  000.042: sourcing /home/nelson/.local/share/lunarvim/site/pack/packer/start/formatter.nvim/plugin/formatter.vim
137.640  000.020  000.020: sourcing /home/nelson/.local/share/lunarvim/site/pack/packer/start/nvim-autopairs/plugin/nvim-autopairs.vim
137.919  000.140  000.140: sourcing /home/nelson/.local/share/lunarvim/site/pack/packer/start/nvim-compe/plugin/compe.vim
144.682  006.571  006.571: sourcing /home/nelson/.local/share/lunarvim/site/pack/packer/start/nvim-lspconfig/plugin/lspconfig.vim
144.995  000.147  000.147: sourcing /home/nelson/.local/share/lunarvim/site/pack/packer/start/nvim-tree.lua/plugin/tree.vim
146.175  001.034  001.034: sourcing /home/nelson/.local/share/lunarvim/site/pack/packer/start/nvim-treesitter/plugin/nvim-treesitter.vim
146.325  000.016  000.016: sourcing /home/nelson/.local/share/lunarvim/site/pack/packer/start/nvim-treesitter/ftdetect/gdscript.vim
146.362  000.014  000.014: sourcing /home/nelson/.local/share/lunarvim/site/pack/packer/start/nvim-treesitter/ftdetect/gomod.vim
146.400  000.019  000.019: sourcing /home/nelson/.local/share/lunarvim/site/pack/packer/start/nvim-treesitter/ftdetect/hcl.vim
146.439  000.021  000.021: sourcing /home/nelson/.local/share/lunarvim/site/pack/packer/start/nvim-treesitter/ftdetect/query.vim
146.471  000.013  000.013: sourcing /home/nelson/.local/share/lunarvim/site/pack/packer/start/nvim-treesitter/ftdetect/yang.vim
146.614  000.042  000.042: sourcing /home/nelson/.local/share/lunarvim/site/pack/packer/start/nvim-web-devicons/plugin/nvim-web-devicons.vim
146.827  000.041  000.041: sourcing /home/nelson/.local/share/lunarvim/site/pack/packer/start/plenary.nvim/plugin/plenary.vim
147.365  000.327  000.327: sourcing /home/nelson/.local/share/lunarvim/site/pack/packer/start/telescope.nvim/plugin/telescope.vim
147.725  000.229  000.229: sourcing /home/nelson/.local/share/lunarvim/site/pack/packer/start/vim-rooter/plugin/rooter.vim
147.905  002.275: loading packages
152.057  004.065  004.065: sourcing /home/nelson/.local/share/lunarvim/site/pack/packer/start/nvim-compe/after/plugin/compe.vim
152.299  000.329: loading after plugins
152.316  000.018: inits 3
153.443  001.127: reading ShaDa
154.471  000.017  000.017: sourcing /home/nelson/.local/share/lunarvim/site/pack/packer/opt/barbar.nvim/autoload/bufferline.vim
154.796  000.056  000.056: sourcing /home/nelson/.local/share/lunarvim/site/pack/packer/opt/barbar.nvim/autoload/bufferline/highlight.vim
157.844  003.691  003.618: sourcing /home/nelson/.local/share/lunarvim/site/pack/packer/opt/barbar.nvim/plugin/bufferline.vim
159.003  000.596  000.596: sourcing /home/nelson/.local/share/lunarvim/site/pack/packer/opt/galaxyline.nvim/plugin/galaxyline.vim
159.912  000.047  000.047: sourcing /home/nelson/.local/share/lunarvim/site/pack/packer/opt/nvim-toggleterm.lua/plugin/toggleterm.vim
162.094  000.019  000.019: sourcing /home/nelson/.local/share/lunarvim/site/pack/packer/opt/which-key.nvim/plugin/which-key.vim
164.684  006.888: opening buffers
165.217  000.137  000.137: sourcing /home/nelson/.local/share/lunarvim/site/pack/packer/opt/vim-cursorword/plugin/cursorword.vim
180.620  015.799: BufEnter autocommands
180.628  000.008: editing files in windows
180.925  000.061  000.061: sourcing /home/nelson/.local/share/lunarvim/site/pack/packer/opt/nvim-lspinstall/plugin/lspinstall.vim
201.811  000.101  000.101: sourcing /home/nelson/.local/share/lunarvim/site/pack/packer/opt/vim-cursorword/autoload/cursorword.vim
203.314  022.524: VimEnter autocommands
203.319  000.005: UIEnter autocommands
203.608  000.236  000.236: sourcing /usr/local/share/nvim/runtime/autoload/provider/clipboard.vim
203.617  000.062: before starting main loop
204.280  000.663: first screen update
204.285  000.004: --- NVIM STARTED ---
